<?xml version="1.0" encoding="UTF-8"?>
<!-- Generated by org.testng.reporters.JUnitReportReporter -->
<testsuite hostname="Swarna" failures="0" tests="1" name="swaping.SwapTest" time="0.008" errors="0" timestamp="2021-09-06T10:21:58 IST" skipped="0">
  <testcase classname="swaping.SwapTest" name="swaps" time="0.008"/>
  <system-out/>
</testsuite> <!-- swaping.SwapTest -->
